INFO: 2025/05/30 11:30:10 logger.go:39: Starting application
INFO: 2025/05/30 11:30:10 logger.go:39: Connecting to database
INFO: 2025/05/30 11:30:10 logger.go:39: Database connected and migrated successfully
INFO: 2025/05/30 11:30:10 logger.go:39: Initializing OAuth configuration
INFO: 2025/05/30 11:30:10 logger.go:39: Initializing OAuth with:
INFO: 2025/05/30 11:30:10 logger.go:39: Client ID: 723294679989-out7sooa0jb5l2v0q1q4lnrcnht13ckg.apps.googleusercontent.com
INFO: 2025/05/30 11:30:10 logger.go:39: Callback URL: 
INFO: 2025/05/30 11:30:10 logger.go:39: Client Secret is configured
INFO: 2025/05/30 11:30:10 logger.go:39: Setting up routes
INFO: 2025/05/30 11:30:10 logger.go:39: Setting up authentication routes
INFO: 2025/05/30 11:30:10 logger.go:39: Initializing OAuth with:
INFO: 2025/05/30 11:30:10 logger.go:39: Client ID: 723294679989-out7sooa0jb5l2v0q1q4lnrcnht13ckg.apps.googleusercontent.com
INFO: 2025/05/30 11:30:10 logger.go:39: Callback URL: 
INFO: 2025/05/30 11:30:10 logger.go:39: Client Secret is configured
INFO: 2025/05/30 11:30:10 logger.go:39: Server starting on port 3001
INFO: 2025/05/30 11:30:26 logger.go:39: Processing protected route: /auth/me
ERROR: 2025/05/30 11:30:26 logger.go:46: Token validation failed for route: /auth/me, error: token has invalid claims: token is expired
INFO: 2025/05/30 11:30:26 logger.go:39: Processing protected route: /auth/me
ERROR: 2025/05/30 11:30:26 logger.go:46: Token validation failed for route: /auth/me, error: token has invalid claims: token is expired
INFO: 2025/05/30 11:30:57 logger.go:39: Processing registration request
INFO: 2025/05/30 11:30:57 logger.go:39: Registering new user with email: nole@gmail.com
INFO: 2025/05/30 11:30:57 logger.go:39: User registered successfully: nole@gmail.com
INFO: 2025/05/30 11:31:02 logger.go:39: Processing login request
INFO: 2025/05/30 11:31:02 logger.go:39: Login attempt for email: nole@gmail.com
INFO: 2025/05/30 11:31:02 logger.go:39: Found user with ID: 1
INFO: 2025/05/30 11:31:02 logger.go:39: Input password length: 4
INFO: 2025/05/30 11:31:02 logger.go:39: Stored hash length: 60
INFO: 2025/05/30 11:31:02 logger.go:39: User logged in successfully: nole@gmail.com
INFO: 2025/05/30 11:31:02 logger.go:39: Processing protected route: /auth/me
INFO: 2025/05/30 11:31:02 logger.go:39: User 1 authenticated successfully for route: /auth/me
INFO: 2025/05/30 18:09:40 logger.go:39: Starting application
INFO: 2025/05/30 18:09:40 logger.go:39: Connecting to database
INFO: 2025/05/30 18:09:40 logger.go:39: Database connected and migrated successfully
INFO: 2025/05/30 18:09:40 logger.go:39: Initializing OAuth configuration
INFO: 2025/05/30 18:09:40 logger.go:39: Initializing OAuth with:
INFO: 2025/05/30 18:09:40 logger.go:39: Client ID: 723294679989-out7sooa0jb5l2v0q1q4lnrcnht13ckg.apps.googleusercontent.com
INFO: 2025/05/30 18:09:40 logger.go:39: Callback URL: 
INFO: 2025/05/30 18:09:40 logger.go:39: Client Secret is configured
INFO: 2025/05/30 18:09:40 logger.go:39: Setting up routes
INFO: 2025/05/30 18:09:40 logger.go:39: Setting up authentication routes
INFO: 2025/05/30 18:09:40 logger.go:39: Initializing OAuth with:
INFO: 2025/05/30 18:09:40 logger.go:39: Client ID: 723294679989-out7sooa0jb5l2v0q1q4lnrcnht13ckg.apps.googleusercontent.com
INFO: 2025/05/30 18:09:40 logger.go:39: Callback URL: 
INFO: 2025/05/30 18:09:40 logger.go:39: Client Secret is configured
INFO: 2025/05/30 18:09:40 logger.go:39: Server starting on port 3001
INFO: 2025/05/30 18:10:00 logger.go:39: Processing protected route: /auth/me
INFO: 2025/05/30 18:10:00 logger.go:39: User 1 authenticated successfully for route: /auth/me
INFO: 2025/05/30 18:10:00 logger.go:39: Processing protected route: /auth/me
INFO: 2025/05/30 18:10:00 logger.go:39: User 1 authenticated successfully for route: /auth/me
INFO: 2025/05/30 18:10:09 logger.go:39: Processing login request
INFO: 2025/05/30 18:10:09 logger.go:39: Login attempt for email: nola@gmail.com
ERROR: 2025/05/30 18:10:09 logger.go:46: Login failed - user not found: nola@gmail.com
INFO: 2025/05/30 18:10:18 logger.go:39: Processing login request
INFO: 2025/05/30 18:10:18 logger.go:39: Login attempt for email: nole@gmail.com
ERROR: 2025/05/30 18:10:18 logger.go:46: Login failed - user not found: nole@gmail.com
INFO: 2025/05/30 18:10:21 logger.go:39: Processing login request
INFO: 2025/05/30 18:10:21 logger.go:39: Login attempt for email: nole@gmail.com
ERROR: 2025/05/30 18:10:21 logger.go:46: Login failed - user not found: nole@gmail.com
INFO: 2025/05/30 18:10:47 logger.go:39: Processing login request
INFO: 2025/05/30 18:10:47 logger.go:39: Login attempt for email: nole@gmail.com
ERROR: 2025/05/30 18:10:47 logger.go:46: Login failed - user not found: nole@gmail.com
INFO: 2025/05/30 18:36:09 logger.go:39: Processing registration request
INFO: 2025/05/30 18:36:09 logger.go:39: Registering new user with email: nolo@gmail.com
INFO: 2025/05/30 18:36:09 logger.go:39: User registered successfully: nolo@gmail.com
INFO: 2025/05/30 18:36:16 logger.go:39: Processing login request
INFO: 2025/05/30 18:36:16 logger.go:39: Login attempt for email: nolo@gmail.com
INFO: 2025/05/30 18:36:16 logger.go:39: Found user with ID: 1
INFO: 2025/05/30 18:36:16 logger.go:39: Input password length: 4
INFO: 2025/05/30 18:36:16 logger.go:39: Stored hash length: 60
INFO: 2025/05/30 18:36:16 logger.go:39: User logged in successfully: nolo@gmail.com
INFO: 2025/05/30 18:36:16 logger.go:39: Processing protected route: /auth/me
INFO: 2025/05/30 18:36:16 logger.go:39: User 1 authenticated successfully for route: /auth/me
INFO: 2025/05/30 18:37:36 logger.go:39: Starting application
INFO: 2025/05/30 18:37:36 logger.go:39: Connecting to database
INFO: 2025/05/30 18:37:36 logger.go:39: Database connected and migrated successfully
INFO: 2025/05/30 18:37:36 logger.go:39: Initializing OAuth configuration
INFO: 2025/05/30 18:37:36 logger.go:39: Initializing OAuth with:
INFO: 2025/05/30 18:37:36 logger.go:39: Client ID: 723294679989-out7sooa0jb5l2v0q1q4lnrcnht13ckg.apps.googleusercontent.com
INFO: 2025/05/30 18:37:36 logger.go:39: Callback URL: 
INFO: 2025/05/30 18:37:36 logger.go:39: Client Secret is configured
INFO: 2025/05/30 18:37:36 logger.go:39: Setting up routes
INFO: 2025/05/30 18:37:36 logger.go:39: Setting up authentication routes
INFO: 2025/05/30 18:37:36 logger.go:39: Initializing OAuth with:
INFO: 2025/05/30 18:37:36 logger.go:39: Client ID: 723294679989-out7sooa0jb5l2v0q1q4lnrcnht13ckg.apps.googleusercontent.com
INFO: 2025/05/30 18:37:36 logger.go:39: Callback URL: 
INFO: 2025/05/30 18:37:36 logger.go:39: Client Secret is configured
INFO: 2025/05/30 18:37:36 logger.go:39: Server starting on port 3001
INFO: 2025/05/30 18:38:05 logger.go:39: Processing registration request
INFO: 2025/05/30 18:38:05 logger.go:39: Registering new user - Email: nole@gmail.com, Name: nole
INFO: 2025/05/30 18:38:05 logger.go:39: Raw password length: 4
INFO: 2025/05/30 18:38:05 logger.go:39: Password hashed successfully - Hash length: 60, Hash: $2a$10$XI46U3vcN3hVC9gnOQIKJOPbYxxFDKz5zTKOOtRbWg6S4kX3nGjbu
INFO: 2025/05/30 18:38:05 logger.go:39: User created successfully in database - ID: 1
INFO: 2025/05/30 18:38:05 logger.go:39: User registered successfully: nole@gmail.com
INFO: 2025/05/30 18:38:11 logger.go:39: Processing login request
INFO: 2025/05/30 18:38:11 logger.go:39: Login attempt - Email: nole@gmail.com, Password length: 4
INFO: 2025/05/30 18:38:11 logger.go:39: User found in database - ID: 1, Email: nole@gmail.com
INFO: 2025/05/30 18:38:11 logger.go:39: Stored password hash: $2a$10$XI46U3vcN3hVC9gnOQIKJOPbYxxFDKz5zTKOOtRbWg6S4kX3nGjbu
INFO: 2025/05/30 18:38:11 logger.go:39: Input password length: 4, Stored hash length: 60
INFO: 2025/05/30 18:38:11 logger.go:39: Password verified successfully
INFO: 2025/05/30 18:38:11 logger.go:39: Login successful - User: nole@gmail.com, Token generated
INFO: 2025/05/30 18:38:11 logger.go:39: Processing protected route: /auth/me
INFO: 2025/05/30 18:38:11 logger.go:39: User 1 authenticated successfully for route: /auth/me
INFO: 2025/05/30 18:40:05 logger.go:39: Processing login request
INFO: 2025/05/30 18:40:05 logger.go:39: Login attempt - Email: nole@gmail.com, Password length: 4
INFO: 2025/05/30 18:40:05 logger.go:39: User found in database - ID: 1, Email: nole@gmail.com
INFO: 2025/05/30 18:40:05 logger.go:39: Stored password hash: $2a$10$XI46U3vcN3hVC9gnOQIKJOPbYxxFDKz5zTKOOtRbWg6S4kX3nGjbu
INFO: 2025/05/30 18:40:05 logger.go:39: Input password length: 4, Stored hash length: 60
INFO: 2025/05/30 18:40:05 logger.go:39: Password verified successfully
INFO: 2025/05/30 18:40:05 logger.go:39: Login successful - User: nole@gmail.com, Token generated
INFO: 2025/05/30 18:40:05 logger.go:39: Processing protected route: /auth/me
INFO: 2025/05/30 18:40:05 logger.go:39: User 1 authenticated successfully for route: /auth/me
INFO: 2025/05/30 18:40:14 logger.go:39: Processing login request
INFO: 2025/05/30 18:40:14 logger.go:39: Login attempt - Email: nole@gmail.com, Password length: 4
INFO: 2025/05/30 18:40:14 logger.go:39: User found in database - ID: 1, Email: nole@gmail.com
INFO: 2025/05/30 18:40:14 logger.go:39: Stored password hash: $2a$10$XI46U3vcN3hVC9gnOQIKJOPbYxxFDKz5zTKOOtRbWg6S4kX3nGjbu
INFO: 2025/05/30 18:40:14 logger.go:39: Input password length: 4, Stored hash length: 60
INFO: 2025/05/30 18:40:14 logger.go:39: Password verified successfully
INFO: 2025/05/30 18:40:14 logger.go:39: Login successful - User: nole@gmail.com, Token generated
INFO: 2025/05/30 18:40:14 logger.go:39: Processing protected route: /auth/me
INFO: 2025/05/30 18:40:14 logger.go:39: User 1 authenticated successfully for route: /auth/me
INFO: 2025/05/30 18:42:50 logger.go:39: Starting application
INFO: 2025/05/30 18:42:50 logger.go:39: Connecting to database
INFO: 2025/05/30 18:42:50 logger.go:39: Database connected and migrated successfully
INFO: 2025/05/30 18:42:50 logger.go:39: Initializing OAuth configuration
INFO: 2025/05/30 18:42:50 logger.go:39: Initializing OAuth with:
INFO: 2025/05/30 18:42:50 logger.go:39: Client ID: 723294679989-out7sooa0jb5l2v0q1q4lnrcnht13ckg.apps.googleusercontent.com
INFO: 2025/05/30 18:42:50 logger.go:39: Callback URL: 
INFO: 2025/05/30 18:42:50 logger.go:39: Client Secret is configured
INFO: 2025/05/30 18:42:50 logger.go:39: Setting up routes
INFO: 2025/05/30 18:42:50 logger.go:39: Setting up authentication routes
INFO: 2025/05/30 18:42:50 logger.go:39: Initializing OAuth with:
INFO: 2025/05/30 18:42:50 logger.go:39: Client ID: 723294679989-out7sooa0jb5l2v0q1q4lnrcnht13ckg.apps.googleusercontent.com
INFO: 2025/05/30 18:42:50 logger.go:39: Callback URL: 
INFO: 2025/05/30 18:42:50 logger.go:39: Client Secret is configured
INFO: 2025/05/30 18:42:50 logger.go:39: Server starting on port 3001
INFO: 2025/05/30 18:44:06 logger.go:39: Processing login request
INFO: 2025/05/30 18:44:06 logger.go:39: Login attempt - Email: nole@gmail.com, Password length: 4
ERROR: 2025/05/30 18:44:06 logger.go:46: Login failed - User not found in database: nole@gmail.com
INFO: 2025/05/30 18:44:18 logger.go:39: Processing login request
INFO: 2025/05/30 18:44:18 logger.go:39: Login attempt - Email: nole@gmail.com, Password length: 4
ERROR: 2025/05/30 18:44:18 logger.go:46: Login failed - User not found in database: nole@gmail.com
INFO: 2025/05/30 18:44:35 logger.go:39: Processing registration request
INFO: 2025/05/30 18:44:35 logger.go:39: Registering new user - Email: nola@gmail.com, Name: nola
INFO: 2025/05/30 18:44:35 logger.go:39: Raw password length: 4
INFO: 2025/05/30 18:44:36 logger.go:39: Password hashed successfully - Hash length: 60, Hash: $2a$10$yxjWUy2Eglf6X7opcZSM8eIAe46GJz71emnO0ADTs7XUSsf3zfVOe
INFO: 2025/05/30 18:44:36 logger.go:39: User created successfully in database - ID: 1
INFO: 2025/05/30 18:44:36 logger.go:39: User registered successfully: nola@gmail.com
INFO: 2025/05/30 18:44:41 logger.go:39: Processing login request
INFO: 2025/05/30 18:44:41 logger.go:39: Login attempt - Email: nola@gmail.com, Password length: 4
INFO: 2025/05/30 18:44:41 logger.go:39: User found in database - ID: 1, Email: nola@gmail.com
INFO: 2025/05/30 18:44:41 logger.go:39: Stored password hash: $2a$10$yxjWUy2Eglf6X7opcZSM8eIAe46GJz71emnO0ADTs7XUSsf3zfVOe
INFO: 2025/05/30 18:44:41 logger.go:39: Input password length: 4, Stored hash length: 60
INFO: 2025/05/30 18:44:41 logger.go:39: Password verified successfully
INFO: 2025/05/30 18:44:41 logger.go:39: Login successful - User: nola@gmail.com, Token generated
INFO: 2025/05/30 18:44:41 logger.go:39: Processing protected route: /auth/me
INFO: 2025/05/30 18:44:41 logger.go:39: User 1 authenticated successfully for route: /auth/me
INFO: 2025/05/30 18:44:49 logger.go:39: Processing login request
INFO: 2025/05/30 18:44:49 logger.go:39: Login attempt - Email: nola@gmail.com, Password length: 4
INFO: 2025/05/30 18:44:49 logger.go:39: User found in database - ID: 1, Email: nola@gmail.com
INFO: 2025/05/30 18:44:49 logger.go:39: Stored password hash: $2a$10$yxjWUy2Eglf6X7opcZSM8eIAe46GJz71emnO0ADTs7XUSsf3zfVOe
INFO: 2025/05/30 18:44:49 logger.go:39: Input password length: 4, Stored hash length: 60
INFO: 2025/05/30 18:44:49 logger.go:39: Password verified successfully
INFO: 2025/05/30 18:44:49 logger.go:39: Login successful - User: nola@gmail.com, Token generated
INFO: 2025/05/30 18:44:49 logger.go:39: Processing protected route: /auth/me
INFO: 2025/05/30 18:44:49 logger.go:39: User 1 authenticated successfully for route: /auth/me
INFO: 2025/05/30 18:50:54 logger.go:39: Starting application
INFO: 2025/05/30 18:50:54 logger.go:39: Connecting to database
INFO: 2025/05/30 18:50:54 logger.go:39: Database connected and migrated successfully
INFO: 2025/05/30 18:50:54 logger.go:39: Initializing OAuth configuration
INFO: 2025/05/30 18:50:54 logger.go:39: Initializing OAuth with:
INFO: 2025/05/30 18:50:54 logger.go:39: Client ID: 723294679989-out7sooa0jb5l2v0q1q4lnrcnht13ckg.apps.googleusercontent.com
INFO: 2025/05/30 18:50:54 logger.go:39: Callback URL: 
INFO: 2025/05/30 18:50:54 logger.go:39: Client Secret is configured
INFO: 2025/05/30 18:50:54 logger.go:39: Setting up routes
INFO: 2025/05/30 18:50:54 logger.go:39: Setting up authentication routes
INFO: 2025/05/30 18:50:54 logger.go:39: Initializing OAuth with:
INFO: 2025/05/30 18:50:54 logger.go:39: Client ID: 723294679989-out7sooa0jb5l2v0q1q4lnrcnht13ckg.apps.googleusercontent.com
INFO: 2025/05/30 18:50:54 logger.go:39: Callback URL: 
INFO: 2025/05/30 18:50:54 logger.go:39: Client Secret is configured
INFO: 2025/05/30 18:50:54 logger.go:39: Server starting on port 3001
INFO: 2025/05/30 18:51:14 logger.go:39: Processing registration request
INFO: 2025/05/30 18:51:14 logger.go:39: Registering new user - Email: nulu@gmail.com, Name: nulu
INFO: 2025/05/30 18:51:14 logger.go:39: Raw password length: 4
INFO: 2025/05/30 18:51:14 logger.go:39: Password hashed successfully - Hash length: 60, Hash: $2a$10$/ip80KH046cNFBPxYzb54uFL5j5JMf6iRJfMzpNDMM7gcRZ7deWHy
INFO: 2025/05/30 18:51:14 logger.go:39: User created successfully in database - ID: 1
INFO: 2025/05/30 18:51:14 logger.go:39: User registered successfully: nulu@gmail.com
INFO: 2025/05/30 18:51:23 logger.go:39: Processing login request
INFO: 2025/05/30 18:51:23 logger.go:39: Login attempt - Email: nulu@gmail.com, Password length: 4
INFO: 2025/05/30 18:51:23 logger.go:39: User found in database - ID: 1, Email: nulu@gmail.com
INFO: 2025/05/30 18:51:23 logger.go:39: Stored password hash: $2a$10$/ip80KH046cNFBPxYzb54uFL5j5JMf6iRJfMzpNDMM7gcRZ7deWHy
INFO: 2025/05/30 18:51:23 logger.go:39: Input password length: 4, Stored hash length: 60
INFO: 2025/05/30 18:51:23 logger.go:39: Password verified successfully
INFO: 2025/05/30 18:51:23 logger.go:39: Login successful - User: nulu@gmail.com, Token generated
INFO: 2025/05/30 18:51:23 logger.go:39: Processing protected route: /auth/me
INFO: 2025/05/30 18:51:23 logger.go:39: User 1 authenticated successfully for route: /auth/me
INFO: 2025/05/30 18:51:31 logger.go:39: Processing login request
INFO: 2025/05/30 18:51:31 logger.go:39: Login attempt - Email: nulu@gmail.com, Password length: 4
INFO: 2025/05/30 18:51:31 logger.go:39: User found in database - ID: 1, Email: nulu@gmail.com
INFO: 2025/05/30 18:51:31 logger.go:39: Stored password hash: $2a$10$/ip80KH046cNFBPxYzb54uFL5j5JMf6iRJfMzpNDMM7gcRZ7deWHy
INFO: 2025/05/30 18:51:31 logger.go:39: Input password length: 4, Stored hash length: 60
INFO: 2025/05/30 18:51:31 logger.go:39: Password verified successfully
INFO: 2025/05/30 18:51:31 logger.go:39: Login successful - User: nulu@gmail.com, Token generated
INFO: 2025/05/30 18:51:31 logger.go:39: Processing protected route: /auth/me
INFO: 2025/05/30 18:51:31 logger.go:39: User 1 authenticated successfully for route: /auth/me
INFO: 2025/05/30 18:57:16 logger.go:39: Processing protected route: /auth/me
INFO: 2025/05/30 18:57:16 logger.go:39: User 1 authenticated successfully for route: /auth/me
INFO: 2025/05/30 18:57:17 logger.go:39: Processing protected route: /auth/me
INFO: 2025/05/30 18:57:17 logger.go:39: User 1 authenticated successfully for route: /auth/me
INFO: 2025/05/30 19:08:43 logger.go:39: Processing protected route: /auth/me
INFO: 2025/05/30 19:08:43 logger.go:39: User 1 authenticated successfully for route: /auth/me
INFO: 2025/05/30 19:08:43 logger.go:39: Processing protected route: /auth/me
INFO: 2025/05/30 19:08:43 logger.go:39: User 1 authenticated successfully for route: /auth/me
INFO: 2025/05/30 19:09:05 logger.go:39: Processing login request
INFO: 2025/05/30 19:09:05 logger.go:39: Login attempt - Email: nulu@gmail.com, Password length: 4
INFO: 2025/05/30 19:09:05 logger.go:39: User found in database - ID: 1, Email: nulu@gmail.com
INFO: 2025/05/30 19:09:05 logger.go:39: Stored password hash: $2a$10$/ip80KH046cNFBPxYzb54uFL5j5JMf6iRJfMzpNDMM7gcRZ7deWHy
INFO: 2025/05/30 19:09:05 logger.go:39: Input password length: 4, Stored hash length: 60
INFO: 2025/05/30 19:09:05 logger.go:39: Password verified successfully
INFO: 2025/05/30 19:09:05 logger.go:39: Login successful - User: nulu@gmail.com, Token generated
INFO: 2025/05/30 19:09:05 logger.go:39: Processing protected route: /auth/me
INFO: 2025/05/30 19:09:05 logger.go:39: User 1 authenticated successfully for route: /auth/me
INFO: 2025/05/30 19:09:11 logger.go:39: Processing login request
INFO: 2025/05/30 19:09:11 logger.go:39: Login attempt - Email: nulu@gmail.com, Password length: 4
INFO: 2025/05/30 19:09:11 logger.go:39: User found in database - ID: 1, Email: nulu@gmail.com
INFO: 2025/05/30 19:09:11 logger.go:39: Stored password hash: $2a$10$/ip80KH046cNFBPxYzb54uFL5j5JMf6iRJfMzpNDMM7gcRZ7deWHy
INFO: 2025/05/30 19:09:11 logger.go:39: Input password length: 4, Stored hash length: 60
INFO: 2025/05/30 19:09:11 logger.go:39: Password verified successfully
INFO: 2025/05/30 19:09:11 logger.go:39: Login successful - User: nulu@gmail.com, Token generated
INFO: 2025/05/30 19:09:11 logger.go:39: Processing protected route: /auth/me
INFO: 2025/05/30 19:09:11 logger.go:39: User 1 authenticated successfully for route: /auth/me
INFO: 2025/05/30 19:09:22 logger.go:39: Processing registration request
INFO: 2025/05/30 19:09:22 logger.go:39: Registering new user - Email: nele@gmail.com, Name: nele
INFO: 2025/05/30 19:09:22 logger.go:39: Raw password length: 4
INFO: 2025/05/30 19:09:22 logger.go:39: Password hashed successfully - Hash length: 60, Hash: $2a$10$wrfJwig6fCkiQR/KVvhGQut1V1OQmada/SSkS3ya9qLSEMQxkOD3e
INFO: 2025/05/30 19:09:22 logger.go:39: User created successfully in database - ID: 2
INFO: 2025/05/30 19:09:22 logger.go:39: User registered successfully: nele@gmail.com
INFO: 2025/05/30 19:09:27 logger.go:39: Processing login request
INFO: 2025/05/30 19:09:27 logger.go:39: Login attempt - Email: nele@gmail.com, Password length: 4
INFO: 2025/05/30 19:09:27 logger.go:39: User found in database - ID: 2, Email: nele@gmail.com
INFO: 2025/05/30 19:09:27 logger.go:39: Stored password hash: $2a$10$wrfJwig6fCkiQR/KVvhGQut1V1OQmada/SSkS3ya9qLSEMQxkOD3e
INFO: 2025/05/30 19:09:27 logger.go:39: Input password length: 4, Stored hash length: 60
INFO: 2025/05/30 19:09:27 logger.go:39: Password verified successfully
INFO: 2025/05/30 19:09:27 logger.go:39: Login successful - User: nele@gmail.com, Token generated
INFO: 2025/05/30 19:09:27 logger.go:39: Processing protected route: /auth/me
INFO: 2025/05/30 19:09:27 logger.go:39: User 2 authenticated successfully for route: /auth/me
INFO: 2025/05/30 19:09:39 logger.go:39: Processing login request
INFO: 2025/05/30 19:09:39 logger.go:39: Login attempt - Email: nele@gmail.com, Password length: 4
INFO: 2025/05/30 19:09:39 logger.go:39: User found in database - ID: 2, Email: nele@gmail.com
INFO: 2025/05/30 19:09:39 logger.go:39: Stored password hash: $2a$10$wrfJwig6fCkiQR/KVvhGQut1V1OQmada/SSkS3ya9qLSEMQxkOD3e
INFO: 2025/05/30 19:09:39 logger.go:39: Input password length: 4, Stored hash length: 60
INFO: 2025/05/30 19:09:39 logger.go:39: Password verified successfully
INFO: 2025/05/30 19:09:39 logger.go:39: Login successful - User: nele@gmail.com, Token generated
INFO: 2025/05/30 19:09:39 logger.go:39: Processing protected route: /auth/me
INFO: 2025/05/30 19:09:39 logger.go:39: User 2 authenticated successfully for route: /auth/me
INFO: 2025/05/30 19:10:10 logger.go:39: Processing protected route: /auth/me
INFO: 2025/05/30 19:10:10 logger.go:39: User 2 authenticated successfully for route: /auth/me
INFO: 2025/05/30 19:10:10 logger.go:39: Processing protected route: /auth/me
INFO: 2025/05/30 19:10:10 logger.go:39: User 2 authenticated successfully for route: /auth/me
INFO: 2025/05/30 19:10:17 logger.go:39: Processing login request
INFO: 2025/05/30 19:10:17 logger.go:39: Login attempt - Email: nele@gmail.com, Password length: 4
INFO: 2025/05/30 19:10:17 logger.go:39: User found in database - ID: 2, Email: nele@gmail.com
INFO: 2025/05/30 19:10:17 logger.go:39: Stored password hash: $2a$10$wrfJwig6fCkiQR/KVvhGQut1V1OQmada/SSkS3ya9qLSEMQxkOD3e
INFO: 2025/05/30 19:10:17 logger.go:39: Input password length: 4, Stored hash length: 60
INFO: 2025/05/30 19:10:17 logger.go:39: Password verified successfully
INFO: 2025/05/30 19:10:17 logger.go:39: Login successful - User: nele@gmail.com, Token generated
INFO: 2025/05/30 19:10:17 logger.go:39: Processing protected route: /auth/me
INFO: 2025/05/30 19:10:17 logger.go:39: User 2 authenticated successfully for route: /auth/me
INFO: 2025/05/30 19:10:30 logger.go:39: Processing registration request
INFO: 2025/05/30 19:10:30 logger.go:39: Registering new user - Email: nolo@gmail.com, Name: nolo
INFO: 2025/05/30 19:10:30 logger.go:39: Raw password length: 4
INFO: 2025/05/30 19:10:30 logger.go:39: Password hashed successfully - Hash length: 60, Hash: $2a$10$JSWHdif7doDCF/Q7uU3xLeIVYGkSlb2yhFuhJOm1JmEFXrHc5fZ/2
INFO: 2025/05/30 19:10:30 logger.go:39: User created successfully in database - ID: 3
INFO: 2025/05/30 19:10:30 logger.go:39: User registered successfully: nolo@gmail.com
INFO: 2025/05/30 19:10:36 logger.go:39: Processing login request
INFO: 2025/05/30 19:10:36 logger.go:39: Login attempt - Email: nolo@gmail.com, Password length: 4
INFO: 2025/05/30 19:10:36 logger.go:39: User found in database - ID: 3, Email: nolo@gmail.com
INFO: 2025/05/30 19:10:36 logger.go:39: Stored password hash: $2a$10$JSWHdif7doDCF/Q7uU3xLeIVYGkSlb2yhFuhJOm1JmEFXrHc5fZ/2
INFO: 2025/05/30 19:10:36 logger.go:39: Input password length: 4, Stored hash length: 60
INFO: 2025/05/30 19:10:36 logger.go:39: Password verified successfully
INFO: 2025/05/30 19:10:36 logger.go:39: Login successful - User: nolo@gmail.com, Token generated
INFO: 2025/05/30 19:10:36 logger.go:39: Processing protected route: /auth/me
INFO: 2025/05/30 19:10:36 logger.go:39: User 3 authenticated successfully for route: /auth/me
INFO: 2025/05/30 19:11:51 logger.go:39: Created new user from Google OAuth: je96419745@gmail.com
INFO: 2025/05/30 19:11:52 logger.go:39: Processing protected route: /auth/me
INFO: 2025/05/30 19:11:52 logger.go:39: User 3 authenticated successfully for route: /auth/me
INFO: 2025/05/30 19:11:52 logger.go:39: Processing protected route: /auth/me
INFO: 2025/05/30 19:11:52 logger.go:39: User 3 authenticated successfully for route: /auth/me
INFO: 2025/05/30 19:13:46 logger.go:39: Processing login request
INFO: 2025/05/30 19:13:46 logger.go:39: Login attempt - Email: nolo@gmail.com, Password length: 4
INFO: 2025/05/30 19:13:46 logger.go:39: User found in database - ID: 3, Email: nolo@gmail.com
INFO: 2025/05/30 19:13:46 logger.go:39: Stored password hash: $2a$10$JSWHdif7doDCF/Q7uU3xLeIVYGkSlb2yhFuhJOm1JmEFXrHc5fZ/2
INFO: 2025/05/30 19:13:46 logger.go:39: Input password length: 4, Stored hash length: 60
INFO: 2025/05/30 19:13:46 logger.go:39: Password verified successfully
INFO: 2025/05/30 19:13:46 logger.go:39: Login successful - User: nolo@gmail.com, Token generated
INFO: 2025/05/30 19:13:46 logger.go:39: Processing protected route: /auth/me
INFO: 2025/05/30 19:13:46 logger.go:39: User 3 authenticated successfully for route: /auth/me
INFO: 2025/05/30 19:15:12 logger.go:39: Processing login request
INFO: 2025/05/30 19:15:12 logger.go:39: Login attempt - Email: nolo@gmail.com, Password length: 4
INFO: 2025/05/30 19:15:12 logger.go:39: User found in database - ID: 3, Email: nolo@gmail.com
INFO: 2025/05/30 19:15:12 logger.go:39: Stored password hash: $2a$10$JSWHdif7doDCF/Q7uU3xLeIVYGkSlb2yhFuhJOm1JmEFXrHc5fZ/2
INFO: 2025/05/30 19:15:12 logger.go:39: Input password length: 4, Stored hash length: 60
INFO: 2025/05/30 19:15:12 logger.go:39: Password verified successfully
INFO: 2025/05/30 19:15:12 logger.go:39: Login successful - User: nolo@gmail.com, Token generated
INFO: 2025/05/30 19:15:12 logger.go:39: Processing protected route: /auth/me
INFO: 2025/05/30 19:15:12 logger.go:39: User 3 authenticated successfully for route: /auth/me
INFO: 2025/05/30 19:17:16 logger.go:39: Processing login request
INFO: 2025/05/30 19:17:16 logger.go:39: Login attempt - Email: ola@gmail.com, Password length: 3
ERROR: 2025/05/30 19:17:16 logger.go:46: Login failed - User not found in database: ola@gmail.com
INFO: 2025/05/30 19:17:19 logger.go:39: Processing login request
INFO: 2025/05/30 19:17:19 logger.go:39: Login attempt - Email: nolo@gmail.com, Password length: 4
INFO: 2025/05/30 19:17:19 logger.go:39: User found in database - ID: 3, Email: nolo@gmail.com
INFO: 2025/05/30 19:17:19 logger.go:39: Stored password hash: $2a$10$JSWHdif7doDCF/Q7uU3xLeIVYGkSlb2yhFuhJOm1JmEFXrHc5fZ/2
INFO: 2025/05/30 19:17:19 logger.go:39: Input password length: 4, Stored hash length: 60
INFO: 2025/05/30 19:17:19 logger.go:39: Password verified successfully
INFO: 2025/05/30 19:17:19 logger.go:39: Login successful - User: nolo@gmail.com, Token generated
INFO: 2025/05/30 19:17:19 logger.go:39: Processing protected route: /auth/me
INFO: 2025/05/30 19:17:19 logger.go:39: User 3 authenticated successfully for route: /auth/me
INFO: 2025/05/30 19:19:56 logger.go:39: Processing protected route: /auth/me
INFO: 2025/05/30 19:19:56 logger.go:39: User 3 authenticated successfully for route: /auth/me
INFO: 2025/05/30 19:19:56 logger.go:39: Processing protected route: /auth/me
INFO: 2025/05/30 19:19:56 logger.go:39: User 3 authenticated successfully for route: /auth/me
INFO: 2025/05/30 19:33:13 logger.go:39: Processing registration request
INFO: 2025/05/30 19:33:13 logger.go:39: Registering new user - Email: solo@gmail.com, Name: solo
INFO: 2025/05/30 19:33:13 logger.go:39: Raw password length: 4
INFO: 2025/05/30 19:33:13 logger.go:39: Password hashed successfully - Hash length: 60, Hash: $2a$10$31lY8aYqeFGMvia2qA6kwOnAlHKTLu1Z5eJXr35l62R2AwzOyrluu
INFO: 2025/05/30 19:33:13 logger.go:39: User created successfully in database - ID: 5
INFO: 2025/05/30 19:33:13 logger.go:39: User registered successfully: solo@gmail.com
INFO: 2025/05/30 19:33:18 logger.go:39: Processing login request
INFO: 2025/05/30 19:33:18 logger.go:39: Login attempt - Email: solo@gmail.com, Password length: 4
INFO: 2025/05/30 19:33:18 logger.go:39: User found in database - ID: 5, Email: solo@gmail.com
INFO: 2025/05/30 19:33:18 logger.go:39: Stored password hash: $2a$10$31lY8aYqeFGMvia2qA6kwOnAlHKTLu1Z5eJXr35l62R2AwzOyrluu
INFO: 2025/05/30 19:33:18 logger.go:39: Input password length: 4, Stored hash length: 60
INFO: 2025/05/30 19:33:18 logger.go:39: Password verified successfully
INFO: 2025/05/30 19:33:18 logger.go:39: Login successful - User: solo@gmail.com, Token generated
INFO: 2025/05/30 19:33:18 logger.go:39: Processing protected route: /auth/me
INFO: 2025/05/30 19:33:18 logger.go:39: User 5 authenticated successfully for route: /auth/me
INFO: 2025/05/30 19:34:13 logger.go:39: Processing login request
INFO: 2025/05/30 19:34:13 logger.go:39: Login attempt - Email: solo@gmail.com, Password length: 4
INFO: 2025/05/30 19:34:13 logger.go:39: User found in database - ID: 5, Email: solo@gmail.com
INFO: 2025/05/30 19:34:13 logger.go:39: Stored password hash: $2a$10$31lY8aYqeFGMvia2qA6kwOnAlHKTLu1Z5eJXr35l62R2AwzOyrluu
INFO: 2025/05/30 19:34:13 logger.go:39: Input password length: 4, Stored hash length: 60
INFO: 2025/05/30 19:34:13 logger.go:39: Password verified successfully
INFO: 2025/05/30 19:34:13 logger.go:39: Login successful - User: solo@gmail.com, Token generated
INFO: 2025/05/30 19:34:13 logger.go:39: Processing protected route: /auth/me
INFO: 2025/05/30 19:34:13 logger.go:39: User 5 authenticated successfully for route: /auth/me
INFO: 2025/05/30 19:39:17 logger.go:39: Processing protected route: /auth/me
INFO: 2025/05/30 19:39:17 logger.go:39: User 5 authenticated successfully for route: /auth/me
INFO: 2025/05/30 19:39:17 logger.go:39: Processing protected route: /auth/me
INFO: 2025/05/30 19:39:17 logger.go:39: User 5 authenticated successfully for route: /auth/me
INFO: 2025/05/30 19:40:02 logger.go:39: Processing registration request
INFO: 2025/05/30 19:40:02 logger.go:39: Registering new user - Email: cala@gmail.com, Name: cala
INFO: 2025/05/30 19:40:02 logger.go:39: Raw password length: 4
INFO: 2025/05/30 19:40:02 logger.go:39: Password hashed successfully - Hash length: 60, Hash: $2a$10$wNtNUK6MJ/ENmhzYfLpkG.s/huNCU2P7ifugAU2Wo/1xx51uWpK7i
INFO: 2025/05/30 19:40:02 logger.go:39: User created successfully in database - ID: 6
INFO: 2025/05/30 19:40:02 logger.go:39: User registered successfully: cala@gmail.com
INFO: 2025/05/30 19:40:06 logger.go:39: Processing login request
INFO: 2025/05/30 19:40:06 logger.go:39: Login attempt - Email: cala@gmail.com, Password length: 4
INFO: 2025/05/30 19:40:06 logger.go:39: User found in database - ID: 6, Email: cala@gmail.com
INFO: 2025/05/30 19:40:06 logger.go:39: Stored password hash: $2a$10$wNtNUK6MJ/ENmhzYfLpkG.s/huNCU2P7ifugAU2Wo/1xx51uWpK7i
INFO: 2025/05/30 19:40:06 logger.go:39: Input password length: 4, Stored hash length: 60
INFO: 2025/05/30 19:40:06 logger.go:39: Password verified successfully
INFO: 2025/05/30 19:40:06 logger.go:39: Login successful - User: cala@gmail.com, Token generated
INFO: 2025/05/30 19:40:06 logger.go:39: Processing protected route: /auth/me
INFO: 2025/05/30 19:40:06 logger.go:39: User 6 authenticated successfully for route: /auth/me
INFO: 2025/05/30 19:43:21 logger.go:39: Processing protected route: /auth/me
INFO: 2025/05/30 19:43:21 logger.go:39: User 6 authenticated successfully for route: /auth/me
INFO: 2025/05/30 19:43:21 logger.go:39: Processing protected route: /auth/me
INFO: 2025/05/30 19:43:21 logger.go:39: User 6 authenticated successfully for route: /auth/me
INFO: 2025/05/30 19:44:08 logger.go:39: Processing protected route: /auth/me
INFO: 2025/05/30 19:44:08 logger.go:39: User 6 authenticated successfully for route: /auth/me
INFO: 2025/05/30 19:44:09 logger.go:39: Processing protected route: /auth/me
INFO: 2025/05/30 19:44:09 logger.go:39: User 6 authenticated successfully for route: /auth/me
INFO: 2025/05/30 19:44:30 logger.go:39: Processing protected route: /auth/me
INFO: 2025/05/30 19:44:30 logger.go:39: User 6 authenticated successfully for route: /auth/me
INFO: 2025/05/30 19:44:30 logger.go:39: Processing protected route: /auth/me
INFO: 2025/05/30 19:44:30 logger.go:39: User 6 authenticated successfully for route: /auth/me
INFO: 2025/05/30 19:45:07 logger.go:39: Processing login request
INFO: 2025/05/30 19:45:07 logger.go:39: Login attempt - Email: cala@gmail.com, Password length: 4
INFO: 2025/05/30 19:45:07 logger.go:39: User found in database - ID: 6, Email: cala@gmail.com
INFO: 2025/05/30 19:45:07 logger.go:39: Stored password hash: $2a$10$wNtNUK6MJ/ENmhzYfLpkG.s/huNCU2P7ifugAU2Wo/1xx51uWpK7i
INFO: 2025/05/30 19:45:07 logger.go:39: Input password length: 4, Stored hash length: 60
INFO: 2025/05/30 19:45:07 logger.go:39: Password verified successfully
INFO: 2025/05/30 19:45:07 logger.go:39: Login successful - User: cala@gmail.com, Token generated
INFO: 2025/05/30 19:45:08 logger.go:39: Processing protected route: /auth/me
INFO: 2025/05/30 19:45:08 logger.go:39: User 6 authenticated successfully for route: /auth/me
INFO: 2025/05/30 19:46:47 logger.go:39: Processing registration request
INFO: 2025/05/30 19:46:47 logger.go:39: Registering new user - Email: sele@gmail.com, Name: sele
INFO: 2025/05/30 19:46:47 logger.go:39: Raw password length: 4
INFO: 2025/05/30 19:46:47 logger.go:39: Password hashed successfully - Hash length: 60, Hash: $2a$10$4xzFNV6dgP/gn8qUSIym5uQntgZL3QYlfalpIv0m2TzgOItauFpU6
INFO: 2025/05/30 19:46:47 logger.go:39: User created successfully in database - ID: 7
INFO: 2025/05/30 19:46:47 logger.go:39: User registered successfully: sele@gmail.com
INFO: 2025/05/30 19:46:54 logger.go:39: Processing login request
INFO: 2025/05/30 19:46:54 logger.go:39: Login attempt - Email: sele@gmail.com, Password length: 4
INFO: 2025/05/30 19:46:54 logger.go:39: User found in database - ID: 7, Email: sele@gmail.com
INFO: 2025/05/30 19:46:54 logger.go:39: Stored password hash: $2a$10$4xzFNV6dgP/gn8qUSIym5uQntgZL3QYlfalpIv0m2TzgOItauFpU6
INFO: 2025/05/30 19:46:54 logger.go:39: Input password length: 4, Stored hash length: 60
INFO: 2025/05/30 19:46:54 logger.go:39: Password verified successfully
INFO: 2025/05/30 19:46:54 logger.go:39: Login successful - User: sele@gmail.com, Token generated
INFO: 2025/05/30 19:46:54 logger.go:39: Processing protected route: /auth/me
INFO: 2025/05/30 19:46:54 logger.go:39: User 7 authenticated successfully for route: /auth/me
INFO: 2025/05/30 19:47:16 logger.go:39: Processing protected route: /auth/me
INFO: 2025/05/30 19:47:16 logger.go:39: User 7 authenticated successfully for route: /auth/me
INFO: 2025/05/30 19:47:17 logger.go:39: Processing protected route: /auth/me
INFO: 2025/05/30 19:47:17 logger.go:39: User 7 authenticated successfully for route: /auth/me
INFO: 2025/05/30 19:47:30 logger.go:39: Processing login request
INFO: 2025/05/30 19:47:30 logger.go:39: Login attempt - Email: sele@gmail.com, Password length: 4
INFO: 2025/05/30 19:47:30 logger.go:39: User found in database - ID: 7, Email: sele@gmail.com
INFO: 2025/05/30 19:47:30 logger.go:39: Stored password hash: $2a$10$4xzFNV6dgP/gn8qUSIym5uQntgZL3QYlfalpIv0m2TzgOItauFpU6
INFO: 2025/05/30 19:47:30 logger.go:39: Input password length: 4, Stored hash length: 60
INFO: 2025/05/30 19:47:30 logger.go:39: Password verified successfully
INFO: 2025/05/30 19:47:30 logger.go:39: Login successful - User: sele@gmail.com, Token generated
INFO: 2025/05/30 19:47:30 logger.go:39: Processing protected route: /auth/me
INFO: 2025/05/30 19:47:30 logger.go:39: User 7 authenticated successfully for route: /auth/me
INFO: 2025/05/30 19:47:47 logger.go:39: Processing protected route: /auth/me
INFO: 2025/05/30 19:47:47 logger.go:39: User 6 authenticated successfully for route: /auth/me
INFO: 2025/05/30 19:47:47 logger.go:39: Processing protected route: /auth/me
INFO: 2025/05/30 19:47:47 logger.go:39: User 6 authenticated successfully for route: /auth/me
INFO: 2025/05/30 19:47:55 logger.go:39: Processing protected route: /auth/me
INFO: 2025/05/30 19:47:55 logger.go:39: User 6 authenticated successfully for route: /auth/me
INFO: 2025/05/30 19:47:55 logger.go:39: Processing protected route: /auth/me
INFO: 2025/05/30 19:47:55 logger.go:39: User 6 authenticated successfully for route: /auth/me
INFO: 2025/05/30 19:49:52 logger.go:39: Processing protected route: /auth/me
INFO: 2025/05/30 19:49:52 logger.go:39: User 6 authenticated successfully for route: /auth/me
